proguard/seeds.txt
org.greengin.sciencetoolkit.R$anim: int abc_fade_in
org.greengin.sciencetoolkit.R$anim: int abc_fade_out
org.greengin.sciencetoolkit.R$anim: int abc_slide_in_bottom
org.greengin.sciencetoolkit.R$anim: int abc_slide_in_top
org.greengin.sciencetoolkit.R$anim: int abc_slide_out_bottom
org.greengin.sciencetoolkit.R$anim: int abc_slide_out_top
org.greengin.sciencetoolkit.R$array: int sample_rate_units
org.greengin.sciencetoolkit.R$attr: int actionBarDivider
org.greengin.sciencetoolkit.R$attr: int actionBarItemBackground
org.greengin.sciencetoolkit.R$attr: int actionBarSize
org.greengin.sciencetoolkit.R$attr: int actionBarSplitStyle
org.greengin.sciencetoolkit.R$attr: int actionBarStyle
org.greengin.sciencetoolkit.R$attr: int actionBarTabBarStyle
org.greengin.sciencetoolkit.R$attr: int actionBarTabStyle
org.greengin.sciencetoolkit.R$attr: int actionBarTabTextStyle
org.greengin.sciencetoolkit.R$attr: int actionBarWidgetTheme
org.greengin.sciencetoolkit.R$attr: int actionButtonStyle
org.greengin.sciencetoolkit.R$attr: int actionDropDownStyle
org.greengin.sciencetoolkit.R$attr: int actionLayout
org.greengin.sciencetoolkit.R$attr: int actionMenuTextAppearance
org.greengin.sciencetoolkit.R$attr: int actionMenuTextColor
org.greengin.sciencetoolkit.R$attr: int actionModeBackground
org.greengin.sciencetoolkit.R$attr: int actionModeCloseButtonStyle
org.greengin.sciencetoolkit.R$attr: int actionModeCloseDrawable
org.greengin.sciencetoolkit.R$attr: int actionModeCopyDrawable
org.greengin.sciencetoolkit.R$attr: int actionModeCutDrawable
org.greengin.sciencetoolkit.R$attr: int actionModeFindDrawable
org.greengin.sciencetoolkit.R$attr: int actionModePasteDrawable
org.greengin.sciencetoolkit.R$attr: int actionModePopupWindowStyle
org.greengin.sciencetoolkit.R$attr: int actionModeSelectAllDrawable
org.greengin.sciencetoolkit.R$attr: int actionModeShareDrawable
org.greengin.sciencetoolkit.R$bool: int abc_action_bar_embed_tabs_pre_jb
org.greengin.sciencetoolkit.R$bool: int abc_action_bar_expanded_action_views_exclusive
org.greengin.sciencetoolkit.R$bool: int abc_config_actionMenuItemAllCaps
org.greengin.sciencetoolkit.R$bool: int abc_config_allowActionMenuItemTextWithIcon
org.greengin.sciencetoolkit.R$bool: int abc_config_showMenuShortcutsWhenKeyboardPresent
org.greengin.sciencetoolkit.R$bool: int abc_split_action_bar_is_narrow
org.greengin.sciencetoolkit.R$color: int abc_search_url_text_holo
org.greengin.sciencetoolkit.R$color: int abc_search_url_text_normal
org.greengin.sciencetoolkit.R$color: int abc_search_url_text_pressed
org.greengin.sciencetoolkit.R$color: int abc_search_url_text_selected
org.greengin.sciencetoolkit.R$color: int active_project_label
org.greengin.sciencetoolkit.R$color: int background_button_panel
org.greengin.sciencetoolkit.R$color: int background_button_panel_header
org.greengin.sciencetoolkit.R$color: int background_main
org.greengin.sciencetoolkit.R$color: int background_tabs
org.greengin.sciencetoolkit.R$color: int dark_text_button
org.greengin.sciencetoolkit.R$color: int dark_text_button_pressed
org.greengin.sciencetoolkit.R$color: int darker_line
org.greengin.sciencetoolkit.R$color: int inactive_project_label
org.greengin.sciencetoolkit.R$color: int lighter_line
org.greengin.sciencetoolkit.R$color: int list_item_selected
org.greengin.sciencetoolkit.R$color: int plot_1
org.greengin.sciencetoolkit.R$color: int plot_2
org.greengin.sciencetoolkit.R$color: int plot_3
org.greengin.sciencetoolkit.R$color: int plot_4
org.greengin.sciencetoolkit.R$color: int plot_header_background
org.greengin.sciencetoolkit.R$color: int plot_header_text
org.greengin.sciencetoolkit.R$color: int plot_inner_background
org.greengin.sciencetoolkit.R$color: int plot_main_line
org.greengin.sciencetoolkit.R$color: int plot_minor_line
org.greengin.sciencetoolkit.R$color: int plot_outter_background
...
android.support.v7.internal.widget.LinearLayoutICS
android.support.v7.internal.widget.LinearLayoutICS: LinearLayoutICS(android.content.Context,android.util.AttributeSet)
android.support.v7.internal.widget.LinearLayoutICS: int getSupportDividerWidth()
android.support.v7.internal.widget.NativeActionModeAwareLayout
android.support.v7.internal.widget.NativeActionModeAwareLayout: NativeActionModeAwareLayout(android.content.Context,android.util.AttributeSet)
android.support.v7.internal.widget.NativeActionModeAwareLayout: void setActionModeForChildListener(android.support.v7.internal.widget.NativeActionModeAwareLayout$OnActionModeForChildListener)
android.support.v7.internal.widget.ProgressBarICS: android.graphics.drawable.shapes.Shape getDrawableShape()
android.support.v7.internal.widget.ProgressBarICS: void setIndeterminate(boolean)
android.support.v7.internal.widget.ProgressBarICS: android.graphics.drawable.Drawable getIndeterminateDrawable()
android.support.v7.internal.widget.ProgressBarICS: void setIndeterminateDrawable(android.graphics.drawable.Drawable)
android.support.v7.internal.widget.ProgressBarICS: android.graphics.drawable.Drawable getProgressDrawable()
android.support.v7.internal.widget.ProgressBarICS: void setProgressDrawable(android.graphics.drawable.Drawable)
android.support.v7.internal.widget.ProgressBarICS: void setProgress(int)
android.support.v7.internal.widget.ProgressBarICS: void setSecondaryProgress(int)
android.support.v7.internal.widget.ProgressBarICS: int getProgress()
android.support.v7.internal.widget.ProgressBarICS: int getSecondaryProgress()
android.support.v7.internal.widget.ProgressBarICS: int getMax()
android.support.v7.internal.widget.ProgressBarICS: void setMax(int)
android.support.v7.internal.widget.ProgressBarICS: void setInterpolator(android.view.animation.Interpolator)
android.support.v7.internal.widget.ProgressBarICS: android.view.animation.Interpolator getInterpolator()
android.support.v7.internal.widget.ProgressBarICS: void setVisibility(int)
android.support.v7.internal.widget.ProgressBarICS$SavedState
android.support.v7.internal.widget.ProgressBarICS$SavedState: android.os.Parcelable$Creator CREATOR
android.support.v7.internal.widget.ScrollingTabContainerView: void setAllowCollapse(boolean)
android.support.v7.internal.widget.ScrollingTabContainerView: void setTabSelected(int)
android.support.v7.internal.widget.ScrollingTabContainerView: void setContentHeight(int)
android.support.v7.internal.widget.ScrollingTabContainerView$TabView
android.support.v7.internal.widget.ScrollingTabContainerView$TabView: ScrollingTabContainerView$TabView(android.content.Context,android.util.AttributeSet)
android.support.v7.internal.widget.ScrollingTabContainerView$TabView: android.support.v7.app.ActionBar$Tab getTab()