proguard/usage.txt
org.greengin.sciencetoolkit.BuildConfig
org.greengin.sciencetoolkit.R:
    10:10:public R()
org.greengin.sciencetoolkit.R$anim
org.greengin.sciencetoolkit.R$array
org.greengin.sciencetoolkit.R$attr
org.greengin.sciencetoolkit.R$bool
org.greengin.sciencetoolkit.R$color
org.greengin.sciencetoolkit.R$dimen
org.greengin.sciencetoolkit.R$drawable
org.greengin.sciencetoolkit.R$id
org.greengin.sciencetoolkit.R$integer
org.greengin.sciencetoolkit.R$layout
org.greengin.sciencetoolkit.R$menu
org.greengin.sciencetoolkit.R$string
org.greengin.sciencetoolkit.R$style
org.greengin.sciencetoolkit.R$styleable:
    1773:1773:public R$styleable()
org.greengin.sciencetoolkit.ScienceToolkitApplication:
    public static final boolean REMOTE_ENABLED
org.greengin.sciencetoolkit.VersionManager:
    17:17:public VersionManager()
org.greengin.sciencetoolkit.logic.datalogging.DataLogger:
    private static final java.lang.String DATA_LOGGING_NEW_DATA
    private static final java.lang.String DATA_LOGGING_NEW_STATUS
    234:234:public java.util.HashMap getCurrentSeriesSampleCountMap()
    247:247:public void deleteAllData()
    316:317:public boolean getRange(long[],java.lang.String)
org.greengin.sciencetoolkit.logic.datalogging.DataLoggerSerializer:
    79:79:public java.util.HashMap getCountMap()
org.greengin.sciencetoolkit.logic.datalogging.deprecated.DeprecatedAsynchSQLiteWriterRunnable:
    25:30:public void addData(java.lang.String,java.lang.String,java.lang.String)
org.greengin.sciencetoolkit.logic.datalogging.deprecated.DeprecatedAsynchSQLiteWriterRunnable$ProfileSensorTimeValue:
    final synthetic org.greengin.sciencetoolkit.logic.datalogging.deprecated.DeprecatedAsynchSQLiteWriterRunnable this$0
    72:77:public DeprecatedAsynchSQLiteWriterRunnable$ProfileSensorTimeValue(org.greengin.sciencetoolkit.logic.datalogging.deprecated.DeprecatedAsynchSQLiteWriterRunnable,java.lang.String,java.lang.String,java.lang.String)
org.greengin.sciencetoolkit.logic.datalogging.deprecated.DeprecatedCsvManager:
    12:12:public DeprecatedCsvManager()
    69:70:public static java.lang.String[] fileList()
    83:83:private static boolean isCsvFile(java.lang.String)
    87:94:public static void deleteFiles(java.util.List)
    97:104:public static java.io.File getFile(java.lang.String)
    82:82:static synthetic boolean access$0(java.lang.String)
org.greengin.sciencetoolkit.logic.datalogging.deprecated.DeprecatedCsvManager$1
org.greengin.sciencetoolkit.logic.datalogging.deprecated.DeprecatedDataLogger:
    private static final java.lang.String DATA_LOGGING_NEW_DATA
    private static final java.lang.String DATA_LOGGING_NEW_STATUS
    java.lang.String profileId
    org.greengin.sciencetoolkit.model.Model profile
    boolean running
    89:98:public void registerDataListener(org.greengin.sciencetoolkit.logic.datalogging.DataLoggerDataListener)
    101:106:public void unregisterDataListener(org.greengin.sciencetoolkit.logic.datalogging.DataLoggerDataListener)
    109:118:public void registerStatusListener(org.greengin.sciencetoolkit.logic.datalogging.DataLoggerStatusListener)
    121:125:public void unregisterStatusListener(org.greengin.sciencetoolkit.logic.datalogging.DataLoggerStatusListener)
    128:128:public boolean isRunning()
    132:135:private void setProfile(org.greengin.sciencetoolkit.model.Model)
    138:139:public void start()
    142:171:private void start(org.greengin.sciencetoolkit.model.Model)
    174:187:public void stop()
    190:190:public int getSampleCount(java.lang.String)
    194:194:public java.util.Hashtable getDetailedSampleCount(java.lang.String)
    198:199:public void deleteAllData()
    202:203:public void deleteData(java.lang.String)
    217:218:public java.io.File exportData(java.lang.String)
    222:226:private void statusModified()
    238:238:public android.database.Cursor getListViewCursor(java.lang.String,long,long)
org.greengin.sciencetoolkit.logic.datalogging.deprecated.DeprecatedDataLoggingInput
...
android.support.v4.os.EnvironmentCompatKitKat
android.support.v4.os.ParcelableCompat:
    26:42:public ParcelableCompat()
android.support.v4.os.ParcelableCompatCreatorHoneycombMR2Stub:
    22:22:ParcelableCompatCreatorHoneycombMR2Stub()
android.support.v4.print.PrintHelper
android.support.v4.print.PrintHelper$1
android.support.v4.print.PrintHelper$PrintHelperKitkatImpl
android.support.v4.print.PrintHelper$PrintHelperStubImpl
android.support.v4.print.PrintHelper$PrintHelperVersionImpl
android.support.v4.print.PrintHelperKitkat
android.support.v4.print.PrintHelperKitkat$1
android.support.v4.text.BidiFormatter
android.support.v4.text.BidiFormatter$1
android.support.v4.text.BidiFormatter$Builder
android.support.v4.text.BidiFormatter$DirectionalityEstimator
android.support.v4.text.ICUCompat
android.support.v4.text.ICUCompat$ICUCompatImpl
android.support.v4.text.ICUCompat$ICUCompatImplBase
android.support.v4.text.ICUCompat$ICUCompatImplIcs
android.support.v4.text.ICUCompatIcs
android.support.v4.text.TextDirectionHeuristicCompat
android.support.v4.text.TextDirectionHeuristicsCompat
android.support.v4.text.TextDirectionHeuristicsCompat$1
android.support.v4.text.TextDirectionHeuristicsCompat$AnyStrong
android.support.v4.text.TextDirectionHeuristicsCompat$FirstStrong
android.support.v4.text.TextDirectionHeuristicsCompat$TextDirectionAlgorithm
android.support.v4.text.TextDirectionHeuristicsCompat$TextDirectionHeuristicImpl
android.support.v4.text.TextDirectionHeuristicsCompat$TextDirectionHeuristicInternal
android.support.v4.text.TextDirectionHeuristicsCompat$TextDirectionHeuristicLocale
android.support.v4.text.TextUtilsCompat
android.support.v4.util.ArrayMap:
    61:62:public ArrayMap(int)
    68:69:public ArrayMap(android.support.v4.util.SimpleArrayMap)
    130:130:public boolean containsAll(java.util.Collection)
    151:151:public boolean removeAll(java.util.Collection)
    161:161:public boolean retainAll(java.util.Collection)
android.support.v4.util.AtomicFile
android.support.v4.util.ContainerHelpers:
    19:19:ContainerHelpers()
    29:29:public static int idealLongArraySize(int)
    65:80:static int binarySearch(long[],int,long)
android.support.v4.util.DebugUtils:
    25:25:public DebugUtils()
android.support.v4.util.LongSparseArray
android.support.v4.util.LruCache
android.support.v4.util.SimpleArrayMap:
    private static final boolean DEBUG
    private static final java.lang.String TAG
    private static final int BASE_SIZE
    private static final int CACHE_SIZE
    217:225:public SimpleArrayMap(int)
    231:235:public SimpleArrayMap(android.support.v4.util.SimpleArrayMap)
    419:432:public void putAll(android.support.v4.util.SimpleArrayMap)
android.support.v4.util.SparseArrayCompat:
    76:76:public java.lang.Object get(int)
    85:90:public java.lang.Object get(int,java.lang.Object)
    98:106:public void delete(int)
    112:113:public void remove(int)
    119:123:public void removeAt(int)
    132:136:public void removeAtRange(int,int)
    172:216:public void put(int,java.lang.Object)
    263:268:public void setValueAt(int,java.lang.Object)
    276:280:public int indexOfKey(int)
    294:302:public int indexOfValue(java.lang.Object)
    325:352:public void append(int,java.lang.Object)
android.support.v4.util.TimeUtils
android.support.v4.view.AccessibilityDelegateCompatIcs:
    28:30:AccessibilityDelegateCompatIcs()
android.support.v4.view.AccessibilityDelegateCompatJellyBean:
    30:32:AccessibilityDelegateCompatJellyBean()
android.support.v4.view.ActionProvider:
    private static final java.lang.String TAG
    78:80:public ActionProvider(android.content.Context)
    217:220:public void subUiVisibilityChanged(boolean)
android.support.v4.view.ActionProvider$SubUiVisibilityListener:
    public abstract void onSubUiVisibilityChanged(boolean)
android.support.v4.view.GestureDetectorCompat
android.support.v4.view.GestureDetectorCompat$GestureDetectorCompatImpl